#################COMPILATION LOG##############
./malloc39.c:29:10: warning: comparison between pointer and integer ('char *' and 'int')
                if(*buf!='\n'){
                   ~~~~^ ~~~~
1 warning generated.
./sp14.c:22:1: warning: return type of 'main' is not 'int' [-Wmain-return-type]
void main() {
^
./sp14.c:22:1: note: change return type to 'int'
void main() {
^~~~
int
1 warning generated.
./sp12.c:12:1: warning: return type of 'main' is not 'int' [-Wmain-return-type]
void main(){
^
./sp12.c:12:1: note: change return type to 'int'
void main(){
^~~~
int
1 warning generated.
./malloc7.c:15:17: warning: format specifies type 'int' but the argument has type 'int *' [-Wformat]
        printf("%d,%d",g,p);
                ~~     ^
./malloc7.c:15:19: warning: format specifies type 'int' but the argument has type 'int *' [-Wformat]
        printf("%d,%d",g,p);
                   ~~    ^
2 warnings generated.
./malloc31.c:32:14: warning: format specifies type 'int' but the argument has type 'int **' [-Wformat]
        printf("%d",x,y);
                ~~  ^
./malloc31.c:32:16: warning: data argument not used by format string [-Wformat-extra-args]
        printf("%d",x,y);
               ~~~~   ^
./malloc31.c:33:1: warning: control reaches end of non-void function [-Wreturn-type]
}
^
3 warnings generated.
./malloc13.c:15:14: warning: format specifies type 'int' but the argument has type 'int *' [-Wformat]
        printf("%d",a[i]);
                ~~  ^~~~
1 warning generated.
./malloc26.c:36:16: warning: incompatible pointer types passing 'char **' to parameter of type 'void **' [-Wincompatible-pointer-types]
   free_matrix(dir_list);
               ^~~~~~~~
./malloc26.c:22:26: note: passing argument to parameter 'matrix' here
void free_matrix(void ** matrix){
                         ^
1 warning generated.
./malloc30.c:15:16: warning: format specifies type 'int' but the argument has type 'int *' [-Wformat]
        printf("%d%d",p,q);
                ~~    ^
./malloc30.c:15:18: warning: format specifies type 'int' but the argument has type 'int *' [-Wformat]
        printf("%d%d",p,q);
                  ~~    ^
2 warnings generated.
./sp12a.c:11:1: warning: return type of 'main' is not 'int' [-Wmain-return-type]
void main() {
^
./sp12a.c:11:1: note: change return type to 'int'
void main() {
^~~~
int
1 warning generated.
./sp13a.c:21:14: warning: incompatible pointer types returning 'struct List *' from a function with result type 'char *' [-Wincompatible-pointer-types]
                    return p;
                           ^
./sp13a.c:28:10: warning: incompatible pointer types assigning to 'struct List *' from 'char *' [-Wincompatible-pointer-types]
                    pp = ra(p,q);
                       ^ ~~~~~~~
./sp13a.c:32:13: warning: incompatible pointer to integer conversion returning 'struct List *' from a function with result type 'int' [-Wint-conversion]
                          return pp;
                                 ^~
3 warnings generated.
./malloc4.c:24:1: warning: control reaches end of non-void function [-Wreturn-type]
}
^
./malloc4.c:33:1: warning: control reaches end of non-void function [-Wreturn-type]
}
^
2 warnings generated.
./malloc22.c:21:14: warning: format specifies type 'int' but the argument has type 'int *' [-Wformat]
        printf("%d",t);
                ~~  ^
./malloc22.c:22:1: warning: control reaches end of non-void function [-Wreturn-type]
}
^
2 warnings generated.
./malloc33.c:31:16: warning: format specifies type 'int' but the argument has type 'int **' [-Wformat]
        printf("%d%d",image1,image2);
                ~~    ^~~~~~
./malloc33.c:31:23: warning: format specifies type 'int' but the argument has type 'int **' [-Wformat]
        printf("%d%d",image1,image2);
                  ~~         ^~~~~~
2 warnings generated.
./malloc34.c:27:16: warning: format specifies type 'int' but the argument has type 'int *' [-Wformat]
        printf("%d%d",image1,image2);
                ~~    ^~~~~~
./malloc34.c:27:23: warning: format specifies type 'int' but the argument has type 'int *' [-Wformat]
        printf("%d%d",image1,image2);
                  ~~         ^~~~~~
2 warnings generated.
./malloc40.c:13:8: warning: incompatible pointer types initializing 'int *' with an expression of type 'int **'; remove & [-Wincompatible-pointer-types]
                int *q = &p;
                     ^   ~~
./malloc40.c:18:11: warning: incompatible pointer types passing 'char [3]' to parameter of type 'FILE *' (aka 'struct _IO_FILE *') [-Wincompatible-pointer-types]
                fprintf("%d",r);
                        ^~~~
/usr/include/stdio.h:312:38: note: passing argument to parameter '__stream' here
extern int fprintf (FILE *__restrict __stream,
                                     ^
./malloc40.c:18:16: warning: incompatible pointer types passing 'int *' to parameter of type 'const char *' [-Wincompatible-pointer-types]
                fprintf("%d",r);
                             ^
/usr/include/stdio.h:313:30: note: passing argument to parameter '__format' here
                    const char *__restrict __format, ...);
                                           ^
./malloc40.c:18:16: warning: format string is not a string literal (potentially insecure) [-Wformat-security]
                fprintf("%d",r);
                             ^
./malloc40.c:18:16: note: treat the string as an argument to avoid this
                fprintf("%d",r);
                             ^
                             "%s", 
4 warnings generated.
./malloc62.c:11:1: warning: return type of 'main' is not 'int' [-Wmain-return-type]
int * main(int size){
^
./malloc62.c:11:1: note: change return type to 'int'
int * main(int size){
^~~~~
int
./malloc62.c:11:7: warning: only one parameter on 'main' declaration [-Wmain]
int * main(int size){
      ^
./malloc62.c:25:1: warning: control reaches end of non-void function [-Wreturn-type]
}
^
3 warnings generated.
./sp2a.c:11:5: warning: only one parameter on 'main' declaration [-Wmain]
int main(int arg1) {
    ^
1 warning generated.
./malloc55.c:26:16: warning: incompatible pointer types passing 'char **' to parameter of type 'void **' [-Wincompatible-pointer-types]
   free_matrix(dir_list);
               ^~~~~~~~
./malloc55.c:11:26: note: passing argument to parameter 'matrix' here
void free_matrix(void ** matrix){
                         ^
1 warning generated.
./sp1a.c:18:2: warning: implicitly declaring library function 'strcat' with type 'char *(char *, const char *)' [-Wimplicit-function-declaration]
        strcat(p, str);
        ^
./sp1a.c:18:2: note: include the header <string.h> or explicitly provide a declaration for 'strcat'
./sp1a.c:18:9: warning: incompatible pointer types passing 'int *' to parameter of type 'char *' [-Wincompatible-pointer-types]
        strcat(p, str);
               ^
./sp1a.c:19:19: warning: format specifies type 'char *' but the argument has type 'int *' [-Wformat]
        printf(" %s \n", p);
                 ~~      ^
./sp1a.c:26:20: warning: incompatible pointer types passing 'char *' to parameter of type 'int *' [-Wincompatible-pointer-types]
        ResourceLeak_TC01(p);
                          ^
./sp1a.c:13:28: note: passing argument to parameter 'p' here
int ResourceLeak_TC01(int *p) {
                           ^
4 warnings generated.
./malloc1.c:14:30: warning: format specifies type 'int' but the argument has type 'int *' [-Wformat]
        printf("%d,%d,%d,%d,",*k,*a,a,k);
                      ~~            ^
./malloc1.c:14:32: warning: format specifies type 'int' but the argument has type 'int *' [-Wformat]
        printf("%d,%d,%d,%d,",*k,*a,a,k);
                         ~~           ^
2 warnings generated.
./malloc41.c:21:21: warning: format specifies type 'int' but the argument has type 'int *' [-Wformat]
                                    printf("%d",t);
                                            ~~  ^
./malloc41.c:22:1: warning: control reaches end of non-void function [-Wreturn-type]
}
^
./malloc41.c:32:1: warning: control reaches end of non-void function [-Wreturn-type]
}
^
3 warnings generated.
./malloc45.c:29:10: warning: comparison between pointer and integer ('char *' and 'int')
                if(*buf!='\n'){
                   ~~~~^ ~~~~
1 warning generated.
./sp6a.c:31:1: warning: return type of 'main' is not 'int' [-Wmain-return-type]
void main() {
^
./sp6a.c:31:1: note: change return type to 'int'
void main() {
^~~~
int
1 warning generated.
./sp15.c:32:1: warning: return type of 'main' is not 'int' [-Wmain-return-type]
struct List *main() {
^
./sp15.c:32:1: note: change return type to 'int'
struct List *main() {
^~~~~~~~~~~~~
int
1 warning generated.
./sp9.c:14:40: warning: implicitly declaring library function 'strlen' with type 'unsigned long (const char *)' [-Wimplicit-function-declaration]
        int i = 0, j, r, n = (s == NULL ? 0 : strlen(s));
                                              ^
./sp9.c:14:40: note: include the header <string.h> or explicitly provide a declaration for 'strlen'
1 warning generated.
./malloc64.c:263:1: warning: control reaches end of non-void function [-Wreturn-type]
}
^
1 warning generated.
./malloc29.c:13:16: warning: format specifies type 'int' but the argument has type 'int *' [-Wformat]
        printf("%d%d",p,q);
                ~~    ^
./malloc29.c:13:18: warning: format specifies type 'int' but the argument has type 'int *' [-Wformat]
        printf("%d%d",p,q);
                  ~~    ^
./malloc29.c:15:1: warning: control reaches end of non-void function [-Wreturn-type]
}
^
3 warnings generated.
./sp14a.c:22:1: warning: return type of 'main' is not 'int' [-Wmain-return-type]
void main() {
^
./sp14a.c:22:1: note: change return type to 'int'
void main() {
^~~~
int
1 warning generated.
./malloc25.c:24:1: warning: control may reach end of non-void function [-Wreturn-type]
}
^
1 warning generated.
./sp1.c:15:2: warning: implicitly declaring library function 'strcat' with type 'char *(char *, const char *)' [-Wimplicit-function-declaration]
        strcat(p, str);
        ^
./sp1.c:15:2: note: include the header <string.h> or explicitly provide a declaration for 'strcat'
./sp1.c:15:9: warning: incompatible pointer types passing 'int *' to parameter of type 'char *' [-Wincompatible-pointer-types]
        strcat(p, str);
               ^
./sp1.c:16:19: warning: format specifies type 'char *' but the argument has type 'int *' [-Wformat]
        printf(" %s \n", p);
                 ~~      ^
./sp1.c:24:20: warning: incompatible pointer types passing 'char *' to parameter of type 'int *' [-Wincompatible-pointer-types]
        ResourceLeak_TC01(p);
                          ^
./sp1.c:10:28: note: passing argument to parameter 'p' here
int ResourceLeak_TC01(int *p) {
                           ^
4 warnings generated.
./sp22.c:12:5: warning: only one parameter on 'main' declaration [-Wmain]
int main(int arg1)
    ^
1 warning generated.
./malloc38.c:36:20: warning: format specifies type 'int' but the argument has type 'struct Buf *' [-Wformat]
                        printf("%d%d",n,buf);
                                  ~~    ^~~
1 warning generated.
./malloc35.c:26:14: warning: format specifies type 'int' but the argument has type 'int *' [-Wformat]
        printf("%d",image1);
                ~~  ^~~~~~
1 warning generated.
./malloc46.c:13:7: warning: incompatible pointer types initializing 'int *' with an expression of type 'int **'; remove & [-Wincompatible-pointer-types]
        int *q = &p;
             ^   ~~
1 warning generated.
./malloc36.c:18:20: warning: format specifies type 'int' but the argument has type 'int *' [-Wformat]
                        printf("%d%d",n,buf);
                                  ~~    ^~~
./malloc36.c:27:14: warning: format specifies type 'int' but the argument has type 'int *' [-Wformat]
        printf("%d",buf);
                ~~  ^~~
2 warnings generated.
./malloc27.c:35:18: warning: format specifies type 'int' but the argument has type 'int *' [-Wformat]
   printf("%d%d",y,a);
           ~~    ^
./malloc27.c:36:15: warning: incompatible pointer types passing 'int **' to parameter of type 'int ***'; take the address with & [-Wincompatible-pointer-types]
   alloc_inin(x);
              ^
              &
./malloc27.c:19:24: note: passing argument to parameter 'x' here
void alloc_inin(int ***x){
                       ^
2 warnings generated.
./malloc56.c:21:1: warning: control may reach end of non-void function [-Wreturn-type]
}
^
1 warning generated.
./malloc51.c:30:1: warning: control reaches end of non-void function [-Wreturn-type]
}
^
1 warning generated.
./sp6.c:38:1: warning: return type of 'main' is not 'int' [-Wmain-return-type]
void main() {
^
./sp6.c:38:1: note: change return type to 'int'
void main() {
^~~~
int
1 warning generated.
./malloc14.c:15:16: warning: format specifies type 'int' but the argument has type 'int *' [-Wformat]
        printf("%d%d",p,q);
                ~~    ^
./malloc14.c:15:18: warning: format specifies type 'int' but the argument has type 'int *' [-Wformat]
        printf("%d%d",p,q);
                  ~~    ^
2 warnings generated.
./malloc21.c:30:20: warning: format specifies type 'int' but the argument has type 'int *' [-Wformat]
        printf("%d,%d,%d",net1.f1,net1.f2,net1.f3);
                ~~        ^~~~~~~
./malloc21.c:30:28: warning: format specifies type 'int' but the argument has type 'int *' [-Wformat]
        printf("%d,%d,%d",net1.f1,net1.f2,net1.f3);
                   ~~             ^~~~~~~
./malloc21.c:30:36: warning: format specifies type 'int' but the argument has type 'int *' [-Wformat]
        printf("%d,%d,%d",net1.f1,net1.f2,net1.f3);
                      ~~                  ^~~~~~~
3 warnings generated.
./sp41.c:16:5: warning: only one parameter on 'main' declaration [-Wmain]
int main(int arg1) {
    ^
./sp41.c:39:2: warning: implicitly declaring library function 'strcpy' with type 'char *(char *, const char *)' [-Wimplicit-function-declaration]
        strcpy(p->p1, str1);
        ^
./sp41.c:39:2: note: include the header <string.h> or explicitly provide a declaration for 'strcpy'
2 warnings generated.
./sp10.c:27:1: warning: control reaches end of non-void function [-Wreturn-type]
}
^
./sp10.c:47:1: warning: return type of 'main' is not 'int' [-Wmain-return-type]
void main() {
^
./sp10.c:47:1: note: change return type to 'int'
void main() {
^~~~
int
2 warnings generated.
./malloc24.c:24:1: warning: control may reach end of non-void function [-Wreturn-type]
}
^
1 warning generated.
./malloc2.c:20:30: warning: format specifies type 'int' but the argument has type 'int *' [-Wformat]
        printf("%d,%d,%d,%d,",*k,*a,a,k);
                      ~~            ^
./malloc2.c:20:32: warning: format specifies type 'int' but the argument has type 'int *' [-Wformat]
        printf("%d,%d,%d,%d,",*k,*a,a,k);
                         ~~           ^
2 warnings generated.
./sp7.c:14:11: warning: incompatible pointer types returning 'int **' from a function with result type 'int *'; remove & [-Wincompatible-pointer-types]
          return &G;
                 ^~
./sp7.c:19:10: warning: incompatible pointer types initializing 'int **' with an expression of type 'int *' [-Wincompatible-pointer-types]
          int **gp = make_global();
                ^    ~~~~~~~~~~~~~
./sp7.c:21:1: warning: control reaches end of non-void function [-Wreturn-type]
}
^
3 warnings generated.
./sp3a.c:22:2: warning: implicitly declaring library function 'strcat' with type 'char *(char *, const char *)' [-Wimplicit-function-declaration]
        strcat(p1, str);
        ^
./sp3a.c:22:2: note: include the header <string.h> or explicitly provide a declaration for 'strcat'
1 warning generated.
./sp13.c:21:13: warning: incompatible pointer types returning 'struct List *' from a function with result type 'char *' [-Wincompatible-pointer-types]
                          return p;
                                 ^
./sp13.c:28:10: warning: incompatible pointer types assigning to 'struct List *' from 'char *' [-Wincompatible-pointer-types]
                    pp = ra(p,q);
                       ^ ~~~~~~~
./sp13.c:29:13: warning: incompatible pointer to integer conversion returning 'struct List *' from a function with result type 'int' [-Wint-conversion]
                          return pp;
                                 ^~
3 warnings generated.
./sp4.c:17:5: warning: only one parameter on 'main' declaration [-Wmain]
int main(int arg1)
    ^
./sp4.c:41:3: warning: implicitly declaring library function 'strcpy' with type 'char *(char *, const char *)' [-Wimplicit-function-declaration]
                strcpy(p->p1, str1);
                ^
./sp4.c:41:3: note: include the header <string.h> or explicitly provide a declaration for 'strcpy'
2 warnings generated.
./malloc52.c:16:9: warning: 'NULL' macro redefined [-Wmacro-redefined]
#define NULL 0
        ^
/usr/local/llvm/llvm-7.0.0.obj/lib/clang/7.0.0/include/stddef.h:105:11: note: previous definition is here
#  define NULL ((void*)0)
          ^
1 warning generated.
./sp5.c:16:5: warning: only one parameter on 'main' declaration [-Wmain]
int main(int arg1)
    ^
1 warning generated.
./malloc20.c:27:1: warning: control may reach end of non-void function [-Wreturn-type]
}
^
1 warning generated.
./sp5a.c:15:5: warning: only one parameter on 'main' declaration [-Wmain]
int main(int arg1) {
    ^
1 warning generated.
./sp15a.c:37:9: warning: incompatible pointer to integer conversion returning 'struct List *' from a function with result type 'int' [-Wint-conversion]
        return ret_val;
               ^~~~~~~
1 warning generated.
./malloc10.c:24:14: warning: format specifies type 'int' but the argument has type 'struct s_rr_node **' [-Wformat]
        printf("%d",rr_node);
                ~~  ^~~~~~~
1 warning generated.
./malloc32.c:27:14: warning: format specifies type 'int' but the argument has type 'int **' [-Wformat]
        printf("%d",x,y);
                ~~  ^
./malloc32.c:27:16: warning: data argument not used by format string [-Wformat-extra-args]
        printf("%d",x,y);
               ~~~~   ^
./malloc32.c:28:1: warning: control reaches end of non-void function [-Wreturn-type]
}
^
3 warnings generated.
./malloc23.c:22:1: warning: control may reach end of non-void function [-Wreturn-type]
}
^
1 warning generated.
./malloc53.c:63:13: warning: 4 enumeration values not handled in switch: 'SOURCE', 'SINK', 'IPIN'... [-Wswitch]
    switch (from_rr_type) {
            ^
1 warning generated.
./sp2.c:11:5: warning: only one parameter on 'main' declaration [-Wmain]
int main(int arg1)
    ^
1 warning generated.
./malloc47.c:15:6: warning: comparison between pointer and integer ('int' and 'int *')
        if(1==p) return 0;
           ~^ ~
./malloc47.c:17:16: warning: format specifies type 'int' but the argument has type 'int *' [-Wformat]
        printf("%d%d",p,*p);;
                ~~    ^
2 warnings generated.
./malloc17.c:26:16: warning: format specifies type 'int' but the argument has type 'int *' [-Wformat]
        printf("%d\n",image);
                ~~    ^~~~~
1 warning generated.
./malloc3.c:23:30: warning: format specifies type 'int' but the argument has type 'int *' [-Wformat]
        printf("%d,%d,%d,%d,",*k,*a,a,k);
                      ~~            ^
./malloc3.c:23:32: warning: format specifies type 'int' but the argument has type 'int *' [-Wformat]
        printf("%d,%d,%d,%d,",*k,*a,a,k);
                         ~~           ^
2 warnings generated.
./sp4a.c:16:5: warning: only one parameter on 'main' declaration [-Wmain]
int main(int arg1) {
    ^
./sp4a.c:39:2: warning: implicitly declaring library function 'strcpy' with type 'char *(char *, const char *)' [-Wimplicit-function-declaration]
        strcpy(p->p1, str1);
        ^
./sp4a.c:39:2: note: include the header <string.h> or explicitly provide a declaration for 'strcpy'
2 warnings generated.
./sp3.c:25:3: warning: implicitly declaring library function 'strcat' with type 'char *(char *, const char *)' [-Wimplicit-function-declaration]
                strcat(p1,str);
                ^
./sp3.c:25:3: note: include the header <string.h> or explicitly provide a declaration for 'strcat'
1 warning generated.
./malloc54.c:25:16: warning: incompatible pointer types passing 'char **' to parameter of type 'void **' [-Wincompatible-pointer-types]
   free_matrix(dir_list);
               ^~~~~~~~
./malloc54.c:11:26: note: passing argument to parameter 'matrix' here
void free_matrix(void ** matrix){
                         ^
1 warning generated.
